
[1m[94m>>> Turn 0: a's turn[0m
[92m✓[0m a built a settlement

[1m[96m==================================================[0m
[1m[96m                    GAME STATE                    [0m
[1m[96m==================================================[0m

Turn: [1m0[0m
Current Player: [1m[92m► a[0m

[1m[93mPLAYERS[0m
[93m-------[0m

[1m[92m► a[0m
  Victory Points: [97m1[0m
  Resources: None
  Buildings: Settlements: [92m1[0m, Cities: [91m0[0m, Roads: [91m0[0m

[97mb[0m
  Victory Points: [97m0[0m
  Resources: None
  Buildings: Settlements: [91m0[0m, Cities: [91m0[0m, Roads: [91m0[0m

[97mc[0m
  Victory Points: [97m0[0m
  Resources: None
  Buildings: Settlements: [91m0[0m, Cities: [91m0[0m, Roads: [91m0[0m

[1m[93mBOARD[0m
[93m-----[0m
Board Tiles: 19 tiles configured

[92m✓[0m a built a road

[1m[96m==================================================[0m
[1m[96m                    GAME STATE                    [0m
[1m[96m==================================================[0m

Turn: [1m0[0m
Current Player: [1m[92m► a[0m

[1m[93mPLAYERS[0m
[93m-------[0m

[1m[92m► a[0m
  Victory Points: [97m1[0m
  Resources: None
  Buildings: Settlements: [92m1[0m, Cities: [91m0[0m, Roads: [92m1[0m

[97mb[0m
  Victory Points: [97m0[0m
  Resources: None
  Buildings: Settlements: [91m0[0m, Cities: [91m0[0m, Roads: [91m0[0m

[97mc[0m
  Victory Points: [97m0[0m
  Resources: None
  Buildings: Settlements: [91m0[0m, Cities: [91m0[0m, Roads: [91m0[0m

[1m[93mBOARD[0m
[93m-----[0m
Board Tiles: 19 tiles configured


[1m[94m>>> Turn 1: b's turn[0m
[92m✓[0m b built a settlement

[1m[96m==================================================[0m
[1m[96m                    GAME STATE                    [0m
[1m[96m==================================================[0m

Turn: [1m1[0m
Current Player: [1m[92m► b[0m

[1m[93mPLAYERS[0m
[93m-------[0m

[97ma[0m
  Victory Points: [97m1[0m
  Resources: None
  Buildings: Settlements: [92m1[0m, Cities: [91m0[0m, Roads: [92m1[0m

[1m[92m► b[0m
  Victory Points: [97m1[0m
  Resources: None
  Buildings: Settlements: [92m1[0m, Cities: [91m0[0m, Roads: [91m0[0m

[97mc[0m
  Victory Points: [97m0[0m
  Resources: None
  Buildings: Settlements: [91m0[0m, Cities: [91m0[0m, Roads: [91m0[0m

[1m[93mBOARD[0m
[93m-----[0m
Board Tiles: 19 tiles configured

[92m✓[0m b built a road

[1m[96m==================================================[0m
[1m[96m                    GAME STATE                    [0m
[1m[96m==================================================[0m

Turn: [1m1[0m
Current Player: [1m[92m► b[0m

[1m[93mPLAYERS[0m
[93m-------[0m

[97ma[0m
  Victory Points: [97m1[0m
  Resources: None
  Buildings: Settlements: [92m1[0m, Cities: [91m0[0m, Roads: [92m1[0m

[1m[92m► b[0m
  Victory Points: [97m1[0m
  Resources: None
  Buildings: Settlements: [92m1[0m, Cities: [91m0[0m, Roads: [92m1[0m

[97mc[0m
  Victory Points: [97m0[0m
  Resources: None
  Buildings: Settlements: [91m0[0m, Cities: [91m0[0m, Roads: [91m0[0m

[1m[93mBOARD[0m
[93m-----[0m
Board Tiles: 19 tiles configured


[1m[94m>>> Turn 2: c's turn[0m
[92m✓[0m c built a settlement

[1m[96m==================================================[0m
[1m[96m                    GAME STATE                    [0m
[1m[96m==================================================[0m

Turn: [1m2[0m
Current Player: [1m[92m► c[0m

[1m[93mPLAYERS[0m
[93m-------[0m

[97ma[0m
  Victory Points: [97m1[0m
  Resources: None
  Buildings: Settlements: [92m1[0m, Cities: [91m0[0m, Roads: [92m1[0m

[97mb[0m
  Victory Points: [97m1[0m
  Resources: None
  Buildings: Settlements: [92m1[0m, Cities: [91m0[0m, Roads: [92m1[0m

[1m[92m► c[0m
  Victory Points: [97m1[0m
  Resources: None
  Buildings: Settlements: [92m1[0m, Cities: [91m0[0m, Roads: [91m0[0m

[1m[93mBOARD[0m
[93m-----[0m
Board Tiles: 19 tiles configured

[92m✓[0m c built a road

[1m[96m==================================================[0m
[1m[96m                    GAME STATE                    [0m
[1m[96m==================================================[0m

Turn: [1m2[0m
Current Player: [1m[92m► c[0m

[1m[93mPLAYERS[0m
[93m-------[0m

[97ma[0m
  Victory Points: [97m1[0m
  Resources: None
  Buildings: Settlements: [92m1[0m, Cities: [91m0[0m, Roads: [92m1[0m

[97mb[0m
  Victory Points: [97m1[0m
  Resources: None
  Buildings: Settlements: [92m1[0m, Cities: [91m0[0m, Roads: [92m1[0m

[1m[92m► c[0m
  Victory Points: [97m1[0m
  Resources: None
  Buildings: Settlements: [92m1[0m, Cities: [91m0[0m, Roads: [92m1[0m

[1m[93mBOARD[0m
[93m-----[0m
Board Tiles: 19 tiles configured


[1m[94m>>> Turn 3: c's turn[0m

📦 Resources distributed:
  c: [92mOre, Wheat, Wheat[0m
[92m✓[0m c built a settlement

[1m[96m==================================================[0m
[1m[96m                    GAME STATE                    [0m
[1m[96m==================================================[0m

Turn: [1m3[0m
Current Player: [1m[92m► c[0m

[1m[93mPLAYERS[0m
[93m-------[0m

[97ma[0m
  Victory Points: [97m1[0m
  Resources: None
  Buildings: Settlements: [92m1[0m, Cities: [91m0[0m, Roads: [92m1[0m

[97mb[0m
  Victory Points: [97m1[0m
  Resources: None
  Buildings: Settlements: [92m1[0m, Cities: [91m0[0m, Roads: [92m1[0m

[1m[92m► c[0m
  Victory Points: [97m2[0m
  Resources: None
  Buildings: Settlements: [92m2[0m, Cities: [91m0[0m, Roads: [92m1[0m

[1m[93mBOARD[0m
[93m-----[0m
Board Tiles: 19 tiles configured

[92m✓[0m c built a road

[1m[96m==================================================[0m
[1m[96m                    GAME STATE                    [0m
[1m[96m==================================================[0m

Turn: [1m3[0m
Current Player: [1m[92m► c[0m

[1m[93mPLAYERS[0m
[93m-------[0m

[97ma[0m
  Victory Points: [97m1[0m
  Resources: None
  Buildings: Settlements: [92m1[0m, Cities: [91m0[0m, Roads: [92m1[0m

[97mb[0m
  Victory Points: [97m1[0m
  Resources: None
  Buildings: Settlements: [92m1[0m, Cities: [91m0[0m, Roads: [92m1[0m

[1m[92m► c[0m
  Victory Points: [97m2[0m
  Resources: None
  Buildings: Settlements: [92m2[0m, Cities: [91m0[0m, Roads: [92m2[0m

[1m[93mBOARD[0m
[93m-----[0m
Board Tiles: 19 tiles configured


[1m[94m>>> Turn 4: b's turn[0m

📦 Resources distributed:
  b: [92mSheep, Sheep, Ore[0m
[92m✓[0m b built a settlement

[1m[96m==================================================[0m
[1m[96m                    GAME STATE                    [0m
[1m[96m==================================================[0m

Turn: [1m4[0m
Current Player: [1m[92m► b[0m

[1m[93mPLAYERS[0m
[93m-------[0m

[97ma[0m
  Victory Points: [97m1[0m
  Resources: None
  Buildings: Settlements: [92m1[0m, Cities: [91m0[0m, Roads: [92m1[0m

[1m[92m► b[0m
  Victory Points: [97m2[0m
  Resources: None
  Buildings: Settlements: [92m2[0m, Cities: [91m0[0m, Roads: [92m1[0m

[97mc[0m
  Victory Points: [97m2[0m
  Resources: None
  Buildings: Settlements: [92m2[0m, Cities: [91m0[0m, Roads: [92m2[0m

[1m[93mBOARD[0m
[93m-----[0m
Board Tiles: 19 tiles configured

[92m✓[0m b built a road

[1m[96m==================================================[0m
[1m[96m                    GAME STATE                    [0m
[1m[96m==================================================[0m

Turn: [1m4[0m
Current Player: [1m[92m► b[0m

[1m[93mPLAYERS[0m
[93m-------[0m

[97ma[0m
  Victory Points: [97m1[0m
  Resources: None
  Buildings: Settlements: [92m1[0m, Cities: [91m0[0m, Roads: [92m1[0m

[1m[92m► b[0m
  Victory Points: [97m2[0m
  Resources: None
  Buildings: Settlements: [92m2[0m, Cities: [91m0[0m, Roads: [92m2[0m

[97mc[0m
  Victory Points: [97m2[0m
  Resources: None
  Buildings: Settlements: [92m2[0m, Cities: [91m0[0m, Roads: [92m2[0m

[1m[93mBOARD[0m
[93m-----[0m
Board Tiles: 19 tiles configured


[1m[94m>>> Turn 5: a's turn[0m

📦 Resources distributed:
  a: [92mOre, Brick[0m
[92m✓[0m a built a settlement

[1m[96m==================================================[0m
[1m[96m                    GAME STATE                    [0m
[1m[96m==================================================[0m

Turn: [1m5[0m
Current Player: [1m[92m► a[0m

[1m[93mPLAYERS[0m
[93m-------[0m

[1m[92m► a[0m
  Victory Points: [97m2[0m
  Resources: None
  Buildings: Settlements: [92m2[0m, Cities: [91m0[0m, Roads: [92m1[0m

[97mb[0m
  Victory Points: [97m2[0m
  Resources: None
  Buildings: Settlements: [92m2[0m, Cities: [91m0[0m, Roads: [92m2[0m

[97mc[0m
  Victory Points: [97m2[0m
  Resources: None
  Buildings: Settlements: [92m2[0m, Cities: [91m0[0m, Roads: [92m2[0m

[1m[93mBOARD[0m
[93m-----[0m
Board Tiles: 19 tiles configured

[92m✓[0m a built a road

[1m[96m==================================================[0m
[1m[96m                    GAME STATE                    [0m
[1m[96m==================================================[0m

Turn: [1m5[0m
Current Player: [1m[92m► a[0m

[1m[93mPLAYERS[0m
[93m-------[0m

[1m[92m► a[0m
  Victory Points: [97m2[0m
  Resources: None
  Buildings: Settlements: [92m2[0m, Cities: [91m0[0m, Roads: [92m2[0m

[97mb[0m
  Victory Points: [97m2[0m
  Resources: None
  Buildings: Settlements: [92m2[0m, Cities: [91m0[0m, Roads: [92m2[0m

[97mc[0m
  Victory Points: [97m2[0m
  Resources: None
  Buildings: Settlements: [92m2[0m, Cities: [91m0[0m, Roads: [92m2[0m

[1m[93mBOARD[0m
[93m-----[0m
Board Tiles: 19 tiles configured


[1m[94m>>> Turn 6: a's turn[0m
[92m✓[0m 📦 a: 1×Sheep
[92m✓[0m 📦 b: 1×Wheat
[92m✓[0m a rolled the dice

[1m[96m==================================================[0m
[1m[96m                    GAME STATE                    [0m
[1m[96m==================================================[0m

Turn: [1m6[0m
Current Player: [1m[92m► a[0m

[1m[93mPLAYERS[0m
[93m-------[0m

[1m[92m► a[0m
  Victory Points: [97m2[0m
  Resources: None
  Buildings: Settlements: [92m2[0m, Cities: [91m0[0m, Roads: [92m2[0m

[97mb[0m
  Victory Points: [97m2[0m
  Resources: None
  Buildings: Settlements: [92m2[0m, Cities: [91m0[0m, Roads: [92m2[0m

[97mc[0m
  Victory Points: [97m2[0m
  Resources: None
  Buildings: Settlements: [92m2[0m, Cities: [91m0[0m, Roads: [92m2[0m

[1m[93mBOARD[0m
[93m-----[0m
Board Tiles: 19 tiles configured

[92m✓[0m a ended their turn

[1m[96m==================================================[0m
[1m[96m                    GAME STATE                    [0m
[1m[96m==================================================[0m

Turn: [1m6[0m
Current Player: [1m[92m► a[0m

[1m[93mPLAYERS[0m
[93m-------[0m

[1m[92m► a[0m
  Victory Points: [97m2[0m
  Resources: None
  Buildings: Settlements: [92m2[0m, Cities: [91m0[0m, Roads: [92m2[0m

[97mb[0m
  Victory Points: [97m2[0m
  Resources: None
  Buildings: Settlements: [92m2[0m, Cities: [91m0[0m, Roads: [92m2[0m

[97mc[0m
  Victory Points: [97m2[0m
  Resources: None
  Buildings: Settlements: [92m2[0m, Cities: [91m0[0m, Roads: [92m2[0m

[1m[93mBOARD[0m
[93m-----[0m
Board Tiles: 19 tiles configured


[1m[94m>>> Turn 7: b's turn[0m
[92m✓[0m b rolled the dice

[1m[96m==================================================[0m
[1m[96m                    GAME STATE                    [0m
[1m[96m==================================================[0m

Turn: [1m7[0m
Current Player: [1m[92m► b[0m

[1m[93mPLAYERS[0m
[93m-------[0m

[97ma[0m
  Victory Points: [97m2[0m
  Resources: None
  Buildings: Settlements: [92m2[0m, Cities: [91m0[0m, Roads: [92m2[0m

[1m[92m► b[0m
  Victory Points: [97m2[0m
  Resources: None
  Buildings: Settlements: [92m2[0m, Cities: [91m0[0m, Roads: [92m2[0m

[97mc[0m
  Victory Points: [97m2[0m
  Resources: None
  Buildings: Settlements: [92m2[0m, Cities: [91m0[0m, Roads: [92m2[0m

[1m[93mBOARD[0m
[93m-----[0m
Board Tiles: 19 tiles configured

[92m✓[0m b performed 13

[1m[96m==================================================[0m
[1m[96m                    GAME STATE                    [0m
[1m[96m==================================================[0m

Turn: [1m7[0m
Current Player: [1m[92m► b[0m

[1m[93mPLAYERS[0m
[93m-------[0m

[97ma[0m
  Victory Points: [97m2[0m
  Resources: None
  Buildings: Settlements: [92m2[0m, Cities: [91m0[0m, Roads: [92m2[0m

[1m[92m► b[0m
  Victory Points: [97m2[0m
  Resources: None
  Buildings: Settlements: [92m2[0m, Cities: [91m0[0m, Roads: [92m2[0m

[97mc[0m
  Victory Points: [97m2[0m
  Resources: None
  Buildings: Settlements: [92m2[0m, Cities: [91m0[0m, Roads: [92m2[0m

[1m[93mBOARD[0m
[93m-----[0m
Board Tiles: 19 tiles configured

[92m✓[0m b ended their turn

[1m[96m==================================================[0m
[1m[96m                    GAME STATE                    [0m
[1m[96m==================================================[0m

Turn: [1m7[0m
Current Player: [1m[92m► b[0m

[1m[93mPLAYERS[0m
[93m-------[0m

[97ma[0m
  Victory Points: [97m2[0m
  Resources: None
  Buildings: Settlements: [92m2[0m, Cities: [91m0[0m, Roads: [92m2[0m

[1m[92m► b[0m
  Victory Points: [97m2[0m
  Resources: None
  Buildings: Settlements: [92m2[0m, Cities: [91m0[0m, Roads: [92m2[0m

[97mc[0m
  Victory Points: [97m2[0m
  Resources: None
  Buildings: Settlements: [92m2[0m, Cities: [91m0[0m, Roads: [92m2[0m

[1m[93mBOARD[0m
[93m-----[0m
Board Tiles: 19 tiles configured


[1m[94m>>> Turn 8: c's turn[0m
[92m✓[0m 📦 a: 1×Sheep
[92m✓[0m 📦 b: 1×Wheat
[92m✓[0m c rolled the dice

[1m[96m==================================================[0m
[1m[96m                    GAME STATE                    [0m
[1m[96m==================================================[0m

Turn: [1m8[0m
Current Player: [1m[92m► c[0m

[1m[93mPLAYERS[0m
[93m-------[0m

[97ma[0m
  Victory Points: [97m2[0m
  Resources: None
  Buildings: Settlements: [92m2[0m, Cities: [91m0[0m, Roads: [92m2[0m

[97mb[0m
  Victory Points: [97m2[0m
  Resources: None
  Buildings: Settlements: [92m2[0m, Cities: [91m0[0m, Roads: [92m2[0m

[1m[92m► c[0m
  Victory Points: [97m2[0m
  Resources: None
  Buildings: Settlements: [92m2[0m, Cities: [91m0[0m, Roads: [92m2[0m

[1m[93mBOARD[0m
[93m-----[0m
Board Tiles: 19 tiles configured

[92m✓[0m c ended their turn

[1m[96m==================================================[0m
[1m[96m                    GAME STATE                    [0m
[1m[96m==================================================[0m

Turn: [1m8[0m
Current Player: [1m[92m► c[0m

[1m[93mPLAYERS[0m
[93m-------[0m

[97ma[0m
  Victory Points: [97m2[0m
  Resources: None
  Buildings: Settlements: [92m2[0m, Cities: [91m0[0m, Roads: [92m2[0m

[97mb[0m
  Victory Points: [97m2[0m
  Resources: None
  Buildings: Settlements: [92m2[0m, Cities: [91m0[0m, Roads: [92m2[0m

[1m[92m► c[0m
  Victory Points: [97m2[0m
  Resources: None
  Buildings: Settlements: [92m2[0m, Cities: [91m0[0m, Roads: [92m2[0m

[1m[93mBOARD[0m
[93m-----[0m
Board Tiles: 19 tiles configured


[1m[94m>>> Turn 9: a's turn[0m
[92m✓[0m a rolled the dice

[1m[96m==================================================[0m
[1m[96m                    GAME STATE                    [0m
[1m[96m==================================================[0m

Turn: [1m9[0m
Current Player: [1m[92m► a[0m

[1m[93mPLAYERS[0m
[93m-------[0m

[1m[92m► a[0m
  Victory Points: [97m2[0m
  Resources: None
  Buildings: Settlements: [92m2[0m, Cities: [91m0[0m, Roads: [92m2[0m

[97mb[0m
  Victory Points: [97m2[0m
  Resources: None
  Buildings: Settlements: [92m2[0m, Cities: [91m0[0m, Roads: [92m2[0m

[97mc[0m
  Victory Points: [97m2[0m
  Resources: None
  Buildings: Settlements: [92m2[0m, Cities: [91m0[0m, Roads: [92m2[0m

[1m[93mBOARD[0m
[93m-----[0m
Board Tiles: 19 tiles configured

[92m✓[0m a performed 13

[1m[96m==================================================[0m
[1m[96m                    GAME STATE                    [0m
[1m[96m==================================================[0m

Turn: [1m9[0m
Current Player: [1m[92m► a[0m

[1m[93mPLAYERS[0m
[93m-------[0m

[1m[92m► a[0m
  Victory Points: [97m2[0m
  Resources: None
  Buildings: Settlements: [92m2[0m, Cities: [91m0[0m, Roads: [92m2[0m

[97mb[0m
  Victory Points: [97m2[0m
  Resources: None
  Buildings: Settlements: [92m2[0m, Cities: [91m0[0m, Roads: [92m2[0m

[97mc[0m
  Victory Points: [97m2[0m
  Resources: None
  Buildings: Settlements: [92m2[0m, Cities: [91m0[0m, Roads: [92m2[0m

[1m[93mBOARD[0m
[93m-----[0m
Board Tiles: 19 tiles configured

[92m✓[0m a ended their turn

[1m[96m==================================================[0m
[1m[96m                    GAME STATE                    [0m
[1m[96m==================================================[0m

Turn: [1m9[0m
Current Player: [1m[92m► a[0m

[1m[93mPLAYERS[0m
[93m-------[0m

[1m[92m► a[0m
  Victory Points: [97m2[0m
  Resources: None
  Buildings: Settlements: [92m2[0m, Cities: [91m0[0m, Roads: [92m2[0m

[97mb[0m
  Victory Points: [97m2[0m
  Resources: None
  Buildings: Settlements: [92m2[0m, Cities: [91m0[0m, Roads: [92m2[0m

[97mc[0m
  Victory Points: [97m2[0m
  Resources: None
  Buildings: Settlements: [92m2[0m, Cities: [91m0[0m, Roads: [92m2[0m

[1m[93mBOARD[0m
[93m-----[0m
Board Tiles: 19 tiles configured


[1m[94m>>> Turn 10: b's turn[0m
[92m✓[0m 📦 a: 1×Ore
[92m✓[0m b rolled the dice

[1m[96m==================================================[0m
[1m[96m                    GAME STATE                    [0m
[1m[96m==================================================[0m

Turn: [1m10[0m
Current Player: [1m[92m► b[0m

[1m[93mPLAYERS[0m
[93m-------[0m

[97ma[0m
  Victory Points: [97m2[0m
  Resources: None
  Buildings: Settlements: [92m2[0m, Cities: [91m0[0m, Roads: [92m2[0m

[1m[92m► b[0m
  Victory Points: [97m2[0m
  Resources: None
  Buildings: Settlements: [92m2[0m, Cities: [91m0[0m, Roads: [92m2[0m

[97mc[0m
  Victory Points: [97m2[0m
  Resources: None
  Buildings: Settlements: [92m2[0m, Cities: [91m0[0m, Roads: [92m2[0m

[1m[93mBOARD[0m
[93m-----[0m
Board Tiles: 19 tiles configured

[92m✓[0m b bought a development card

[1m[96m==================================================[0m
[1m[96m                    GAME STATE                    [0m
[1m[96m==================================================[0m

Turn: [1m10[0m
Current Player: [1m[92m► b[0m

[1m[93mPLAYERS[0m
[93m-------[0m

[97ma[0m
  Victory Points: [97m2[0m
  Resources: None
  Buildings: Settlements: [92m2[0m, Cities: [91m0[0m, Roads: [92m2[0m

[1m[92m► b[0m
  Victory Points: [97m2[0m
  Resources: None
  Dev Cards: 1
  Buildings: Settlements: [92m2[0m, Cities: [91m0[0m, Roads: [92m2[0m

[97mc[0m
  Victory Points: [97m2[0m
  Resources: None
  Buildings: Settlements: [92m2[0m, Cities: [91m0[0m, Roads: [92m2[0m

[1m[93mBOARD[0m
[93m-----[0m
Board Tiles: 19 tiles configured

[92m✓[0m b used Road

[1m[96m==================================================[0m
[1m[96m                    GAME STATE                    [0m
[1m[96m==================================================[0m

Turn: [1m10[0m
Current Player: [1m[92m► b[0m

[1m[93mPLAYERS[0m
[93m-------[0m

[97ma[0m
  Victory Points: [97m2[0m
  Resources: None
  Buildings: Settlements: [92m2[0m, Cities: [91m0[0m, Roads: [92m2[0m

[1m[92m► b[0m
  Victory Points: [97m2[0m
  Resources: None
  Buildings: Settlements: [92m2[0m, Cities: [91m0[0m, Roads: [92m4[0m

[97mc[0m
  Victory Points: [97m2[0m
  Resources: None
  Buildings: Settlements: [92m2[0m, Cities: [91m0[0m, Roads: [92m2[0m

[1m[93mBOARD[0m
[93m-----[0m
Board Tiles: 19 tiles configured

[92m✓[0m b ended their turn

[1m[96m==================================================[0m
[1m[96m                    GAME STATE                    [0m
[1m[96m==================================================[0m

Turn: [1m10[0m
Current Player: [1m[92m► b[0m

[1m[93mPLAYERS[0m
[93m-------[0m

[97ma[0m
  Victory Points: [97m2[0m
  Resources: None
  Buildings: Settlements: [92m2[0m, Cities: [91m0[0m, Roads: [92m2[0m

[1m[92m► b[0m
  Victory Points: [97m2[0m
  Resources: None
  Buildings: Settlements: [92m2[0m, Cities: [91m0[0m, Roads: [92m4[0m

[97mc[0m
  Victory Points: [97m2[0m
  Resources: None
  Buildings: Settlements: [92m2[0m, Cities: [91m0[0m, Roads: [92m2[0m

[1m[93mBOARD[0m
[93m-----[0m
Board Tiles: 19 tiles configured


[1m[94m>>> Turn 11: c's turn[0m
[92m✓[0m 📦 c: 2×Wheat
[92m✓[0m c rolled the dice

[1m[96m==================================================[0m
[1m[96m                    GAME STATE                    [0m
[1m[96m==================================================[0m

Turn: [1m11[0m
Current Player: [1m[92m► c[0m

[1m[93mPLAYERS[0m
[93m-------[0m

[97ma[0m
  Victory Points: [97m2[0m
  Resources: None
  Buildings: Settlements: [92m2[0m, Cities: [91m0[0m, Roads: [92m2[0m

[97mb[0m
  Victory Points: [97m2[0m
  Resources: None
  Buildings: Settlements: [92m2[0m, Cities: [91m0[0m, Roads: [92m4[0m

[1m[92m► c[0m
  Victory Points: [97m2[0m
  Resources: None
  Buildings: Settlements: [92m2[0m, Cities: [91m0[0m, Roads: [92m2[0m

[1m[93mBOARD[0m
[93m-----[0m
Board Tiles: 19 tiles configured

[92m✓[0m c proposed a trade

[1m[96m==================================================[0m
[1m[96m                    GAME STATE                    [0m
[1m[96m==================================================[0m

Turn: [1m11[0m
Current Player: [1m[92m► c[0m

[1m[93mPLAYERS[0m
[93m-------[0m

[97ma[0m
  Victory Points: [97m2[0m
  Resources: None
  Buildings: Settlements: [92m2[0m, Cities: [91m0[0m, Roads: [92m2[0m

[97mb[0m
  Victory Points: [97m2[0m
  Resources: None
  Buildings: Settlements: [92m2[0m, Cities: [91m0[0m, Roads: [92m4[0m

[1m[92m► c[0m
  Victory Points: [97m2[0m
  Resources: None
  Buildings: Settlements: [92m2[0m, Cities: [91m0[0m, Roads: [92m2[0m

[1m[93mBOARD[0m
[93m-----[0m
Board Tiles: 19 tiles configured

[91m✗[0m c built a city
  [91mError: You don't own the settlement at point 40[0m

[1m[96m==================================================[0m
[1m[96m                    GAME STATE                    [0m
[1m[96m==================================================[0m

Turn: [1m11[0m
Current Player: [1m[92m► c[0m

[1m[93mPLAYERS[0m
[93m-------[0m

[97ma[0m
  Victory Points: [97m2[0m
  Resources: None
  Buildings: Settlements: [92m2[0m, Cities: [91m0[0m, Roads: [92m2[0m

[97mb[0m
  Victory Points: [97m2[0m
  Resources: None
  Buildings: Settlements: [92m2[0m, Cities: [91m0[0m, Roads: [92m4[0m

[1m[92m► c[0m
  Victory Points: [97m2[0m
  Resources: None
  Buildings: Settlements: [92m2[0m, Cities: [91m0[0m, Roads: [92m2[0m

[1m[93mBOARD[0m
[93m-----[0m
Board Tiles: 19 tiles configured

[92m✓[0m c built a city

[1m[96m==================================================[0m
[1m[96m                    GAME STATE                    [0m
[1m[96m==================================================[0m

Turn: [1m11[0m
Current Player: [1m[92m► c[0m

[1m[93mPLAYERS[0m
[93m-------[0m

[97ma[0m
  Victory Points: [97m2[0m
  Resources: None
  Buildings: Settlements: [92m2[0m, Cities: [91m0[0m, Roads: [92m2[0m

[97mb[0m
  Victory Points: [97m2[0m
  Resources: None
  Buildings: Settlements: [92m2[0m, Cities: [91m0[0m, Roads: [92m4[0m

[1m[92m► c[0m
  Victory Points: [97m3[0m
  Resources: None
  Buildings: Settlements: [92m1[0m, Cities: [92m1[0m, Roads: [92m2[0m

[1m[93mBOARD[0m
[93m-----[0m
Board Tiles: 19 tiles configured

[92m✓[0m c ended their turn

[1m[96m==================================================[0m
[1m[96m                    GAME STATE                    [0m
[1m[96m==================================================[0m

Turn: [1m11[0m
Current Player: [1m[92m► c[0m

[1m[93mPLAYERS[0m
[93m-------[0m

[97ma[0m
  Victory Points: [97m2[0m
  Resources: None
  Buildings: Settlements: [92m2[0m, Cities: [91m0[0m, Roads: [92m2[0m

[97mb[0m
  Victory Points: [97m2[0m
  Resources: None
  Buildings: Settlements: [92m2[0m, Cities: [91m0[0m, Roads: [92m4[0m

[1m[92m► c[0m
  Victory Points: [97m3[0m
  Resources: None
  Buildings: Settlements: [92m1[0m, Cities: [92m1[0m, Roads: [92m2[0m

[1m[93mBOARD[0m
[93m-----[0m
Board Tiles: 19 tiles configured


[1m[94m>>> Turn 12: a's turn[0m
[92m✓[0m 📦 a: 1×Sheep
[92m✓[0m 📦 b: 1×Wheat
[92m✓[0m a rolled the dice

[1m[96m==================================================[0m
[1m[96m                    GAME STATE                    [0m
[1m[96m==================================================[0m

Turn: [1m12[0m
Current Player: [1m[92m► a[0m

[1m[93mPLAYERS[0m
[93m-------[0m

[1m[92m► a[0m
  Victory Points: [97m2[0m
  Resources: None
  Buildings: Settlements: [92m2[0m, Cities: [91m0[0m, Roads: [92m2[0m

[97mb[0m
  Victory Points: [97m2[0m
  Resources: None
  Buildings: Settlements: [92m2[0m, Cities: [91m0[0m, Roads: [92m4[0m

[97mc[0m
  Victory Points: [97m3[0m
  Resources: None
  Buildings: Settlements: [92m1[0m, Cities: [92m1[0m, Roads: [92m2[0m

[1m[93mBOARD[0m
[93m-----[0m
Board Tiles: 19 tiles configured

[92m✓[0m a ended their turn

[1m[96m==================================================[0m
[1m[96m                    GAME STATE                    [0m
[1m[96m==================================================[0m

Turn: [1m12[0m
Current Player: [1m[92m► a[0m

[1m[93mPLAYERS[0m
[93m-------[0m

[1m[92m► a[0m
  Victory Points: [97m2[0m
  Resources: None
  Buildings: Settlements: [92m2[0m, Cities: [91m0[0m, Roads: [92m2[0m

[97mb[0m
  Victory Points: [97m2[0m
  Resources: None
  Buildings: Settlements: [92m2[0m, Cities: [91m0[0m, Roads: [92m4[0m

[97mc[0m
  Victory Points: [97m3[0m
  Resources: None
  Buildings: Settlements: [92m1[0m, Cities: [92m1[0m, Roads: [92m2[0m

[1m[93mBOARD[0m
[93m-----[0m
Board Tiles: 19 tiles configured


[1m[94m>>> Turn 13: b's turn[0m
[92m✓[0m 📦 a: 1×Ore
[92m✓[0m b rolled the dice

[1m[96m==================================================[0m
[1m[96m                    GAME STATE                    [0m
[1m[96m==================================================[0m

Turn: [1m13[0m
Current Player: [1m[92m► b[0m

[1m[93mPLAYERS[0m
[93m-------[0m

[97ma[0m
  Victory Points: [97m2[0m
  Resources: None
  Buildings: Settlements: [92m2[0m, Cities: [91m0[0m, Roads: [92m2[0m

[1m[92m► b[0m
  Victory Points: [97m2[0m
  Resources: None
  Buildings: Settlements: [92m2[0m, Cities: [91m0[0m, Roads: [92m4[0m

[97mc[0m
  Victory Points: [97m3[0m
  Resources: None
  Buildings: Settlements: [92m1[0m, Cities: [92m1[0m, Roads: [92m2[0m

[1m[93mBOARD[0m
[93m-----[0m
Board Tiles: 19 tiles configured

[92m✓[0m b ended their turn

[1m[96m==================================================[0m
[1m[96m                    GAME STATE                    [0m
[1m[96m==================================================[0m

Turn: [1m13[0m
Current Player: [1m[92m► b[0m

[1m[93mPLAYERS[0m
[93m-------[0m

[97ma[0m
  Victory Points: [97m2[0m
  Resources: None
  Buildings: Settlements: [92m2[0m, Cities: [91m0[0m, Roads: [92m2[0m

[1m[92m► b[0m
  Victory Points: [97m2[0m
  Resources: None
  Buildings: Settlements: [92m2[0m, Cities: [91m0[0m, Roads: [92m4[0m

[97mc[0m
  Victory Points: [97m3[0m
  Resources: None
  Buildings: Settlements: [92m1[0m, Cities: [92m1[0m, Roads: [92m2[0m

[1m[93mBOARD[0m
[93m-----[0m
Board Tiles: 19 tiles configured


[1m[94m>>> Turn 14: c's turn[0m
[92m✓[0m 📦 b: 1×Wood 1×Sheep
[92m✓[0m c rolled the dice

[1m[96m==================================================[0m
[1m[96m                    GAME STATE                    [0m
[1m[96m==================================================[0m

Turn: [1m14[0m
Current Player: [1m[92m► c[0m

[1m[93mPLAYERS[0m
[93m-------[0m

[97ma[0m
  Victory Points: [97m2[0m
  Resources: None
  Buildings: Settlements: [92m2[0m, Cities: [91m0[0m, Roads: [92m2[0m

[97mb[0m
  Victory Points: [97m2[0m
  Resources: None
  Buildings: Settlements: [92m2[0m, Cities: [91m0[0m, Roads: [92m4[0m

[1m[92m► c[0m
  Victory Points: [97m3[0m
  Resources: None
  Buildings: Settlements: [92m1[0m, Cities: [92m1[0m, Roads: [92m2[0m

[1m[93mBOARD[0m
[93m-----[0m
Board Tiles: 19 tiles configured

[92m✓[0m c ended their turn

[1m[96m==================================================[0m
[1m[96m                    GAME STATE                    [0m
[1m[96m==================================================[0m

Turn: [1m14[0m
Current Player: [1m[92m► c[0m

[1m[93mPLAYERS[0m
[93m-------[0m

[97ma[0m
  Victory Points: [97m2[0m
  Resources: None
  Buildings: Settlements: [92m2[0m, Cities: [91m0[0m, Roads: [92m2[0m

[97mb[0m
  Victory Points: [97m2[0m
  Resources: None
  Buildings: Settlements: [92m2[0m, Cities: [91m0[0m, Roads: [92m4[0m

[1m[92m► c[0m
  Victory Points: [97m3[0m
  Resources: None
  Buildings: Settlements: [92m1[0m, Cities: [92m1[0m, Roads: [92m2[0m

[1m[93mBOARD[0m
[93m-----[0m
Board Tiles: 19 tiles configured


[1m[94m>>> Turn 15: a's turn[0m
[92m✓[0m 📦 b: 1×Wood 1×Ore
[92m✓[0m a rolled the dice

[1m[96m==================================================[0m
[1m[96m                    GAME STATE                    [0m
[1m[96m==================================================[0m

Turn: [1m15[0m
Current Player: [1m[92m► a[0m

[1m[93mPLAYERS[0m
[93m-------[0m

[1m[92m► a[0m
  Victory Points: [97m2[0m
  Resources: None
  Buildings: Settlements: [92m2[0m, Cities: [91m0[0m, Roads: [92m2[0m

[97mb[0m
  Victory Points: [97m2[0m
  Resources: None
  Buildings: Settlements: [92m2[0m, Cities: [91m0[0m, Roads: [92m4[0m

[97mc[0m
  Victory Points: [97m3[0m
  Resources: None
  Buildings: Settlements: [92m1[0m, Cities: [92m1[0m, Roads: [92m2[0m

[1m[93mBOARD[0m
[93m-----[0m
Board Tiles: 19 tiles configured

[92m✓[0m a ended their turn

[1m[96m==================================================[0m
[1m[96m                    GAME STATE                    [0m
[1m[96m==================================================[0m

Turn: [1m15[0m
Current Player: [1m[92m► a[0m

[1m[93mPLAYERS[0m
[93m-------[0m

[1m[92m► a[0m
  Victory Points: [97m2[0m
  Resources: None
  Buildings: Settlements: [92m2[0m, Cities: [91m0[0m, Roads: [92m2[0m

[97mb[0m
  Victory Points: [97m2[0m
  Resources: None
  Buildings: Settlements: [92m2[0m, Cities: [91m0[0m, Roads: [92m4[0m

[97mc[0m
  Victory Points: [97m3[0m
  Resources: None
  Buildings: Settlements: [92m1[0m, Cities: [92m1[0m, Roads: [92m2[0m

[1m[93mBOARD[0m
[93m-----[0m
Board Tiles: 19 tiles configured


[1m[94m>>> Turn 16: b's turn[0m
[92m✓[0m 📦 c: 1×Wood
[92m✓[0m 📦 b: 1×Sheep
[92m✓[0m b rolled the dice

[1m[96m==================================================[0m
[1m[96m                    GAME STATE                    [0m
[1m[96m==================================================[0m

Turn: [1m16[0m
Current Player: [1m[92m► b[0m

[1m[93mPLAYERS[0m
[93m-------[0m

[97ma[0m
  Victory Points: [97m2[0m
  Resources: None
  Buildings: Settlements: [92m2[0m, Cities: [91m0[0m, Roads: [92m2[0m

[1m[92m► b[0m
  Victory Points: [97m2[0m
  Resources: None
  Buildings: Settlements: [92m2[0m, Cities: [91m0[0m, Roads: [92m4[0m

[97mc[0m
  Victory Points: [97m3[0m
  Resources: None
  Buildings: Settlements: [92m1[0m, Cities: [92m1[0m, Roads: [92m2[0m

[1m[93mBOARD[0m
[93m-----[0m
Board Tiles: 19 tiles configured

[92m✓[0m b proposed a trade

[1m[96m==================================================[0m
[1m[96m                    GAME STATE                    [0m
[1m[96m==================================================[0m

Turn: [1m16[0m
Current Player: [1m[92m► b[0m

[1m[93mPLAYERS[0m
[93m-------[0m

[97ma[0m
  Victory Points: [97m2[0m
  Resources: None
  Buildings: Settlements: [92m2[0m, Cities: [91m0[0m, Roads: [92m2[0m

[1m[92m► b[0m
  Victory Points: [97m2[0m
  Resources: None
  Buildings: Settlements: [92m2[0m, Cities: [91m0[0m, Roads: [92m4[0m

[97mc[0m
  Victory Points: [97m3[0m
  Resources: None
  Buildings: Settlements: [92m1[0m, Cities: [92m1[0m, Roads: [92m2[0m

[1m[93mBOARD[0m
[93m-----[0m
Board Tiles: 19 tiles configured

[92m✓[0m b built a road

[1m[96m==================================================[0m
[1m[96m                    GAME STATE                    [0m
[1m[96m==================================================[0m

Turn: [1m16[0m
Current Player: [1m[92m► b[0m

[1m[93mPLAYERS[0m
[93m-------[0m

[97ma[0m
  Victory Points: [97m2[0m
  Resources: None
  Buildings: Settlements: [92m2[0m, Cities: [91m0[0m, Roads: [92m2[0m

[1m[92m► b[0m
  Victory Points: [97m2[0m
  Resources: None
  Buildings: Settlements: [92m2[0m, Cities: [91m0[0m, Roads: [92m5[0m

[97mc[0m
  Victory Points: [97m3[0m
  Resources: None
  Buildings: Settlements: [92m1[0m, Cities: [92m1[0m, Roads: [92m2[0m

[1m[93mBOARD[0m
[93m-----[0m
Board Tiles: 19 tiles configured

[92m✓[0m b bought a development card

[1m[96m==================================================[0m
[1m[96m                    GAME STATE                    [0m
[1m[96m==================================================[0m

Turn: [1m16[0m
Current Player: [1m[92m► b[0m

[1m[93mPLAYERS[0m
[93m-------[0m

[97ma[0m
  Victory Points: [97m2[0m
  Resources: None
  Buildings: Settlements: [92m2[0m, Cities: [91m0[0m, Roads: [92m2[0m

[1m[92m► b[0m
  Victory Points: [97m2[0m
  Resources: None
  Dev Cards: 1
  Buildings: Settlements: [92m2[0m, Cities: [91m0[0m, Roads: [92m5[0m

[97mc[0m
  Victory Points: [97m3[0m
  Resources: None
  Buildings: Settlements: [92m1[0m, Cities: [92m1[0m, Roads: [92m2[0m

[1m[93mBOARD[0m
[93m-----[0m
Board Tiles: 19 tiles configured

[92m✓[0m ✨ b used Knight
[92m✓[0m 🦹 b stole Sheep from a
[92m✓[0m b used Knight

[1m[96m==================================================[0m
[1m[96m                    GAME STATE                    [0m
[1m[96m==================================================[0m

Turn: [1m16[0m
Current Player: [1m[92m► b[0m

[1m[93mPLAYERS[0m
[93m-------[0m

[97ma[0m
  Victory Points: [97m2[0m
  Resources: None
  Buildings: Settlements: [92m2[0m, Cities: [91m0[0m, Roads: [92m2[0m

[1m[92m► b[0m
  Victory Points: [97m2[0m
  Resources: None
  Buildings: Settlements: [92m2[0m, Cities: [91m0[0m, Roads: [92m5[0m
  Achievements: [96m🗡️ Knights: 1[0m

[97mc[0m
  Victory Points: [97m3[0m
  Resources: None
  Buildings: Settlements: [92m1[0m, Cities: [92m1[0m, Roads: [92m2[0m

[1m[93mBOARD[0m
[93m-----[0m
Board Tiles: 19 tiles configured

[92m✓[0m b ended their turn

[1m[96m==================================================[0m
[1m[96m                    GAME STATE                    [0m
[1m[96m==================================================[0m

Turn: [1m16[0m
Current Player: [1m[92m► b[0m

[1m[93mPLAYERS[0m
[93m-------[0m

[97ma[0m
  Victory Points: [97m2[0m
  Resources: None
  Buildings: Settlements: [92m2[0m, Cities: [91m0[0m, Roads: [92m2[0m

[1m[92m► b[0m
  Victory Points: [97m2[0m
  Resources: None
  Buildings: Settlements: [92m2[0m, Cities: [91m0[0m, Roads: [92m5[0m
  Achievements: [96m🗡️ Knights: 1[0m

[97mc[0m
  Victory Points: [97m3[0m
  Resources: None
  Buildings: Settlements: [92m1[0m, Cities: [92m1[0m, Roads: [92m2[0m

[1m[93mBOARD[0m
[93m-----[0m
Board Tiles: 19 tiles configured


[1m[94m>>> Turn 17: c's turn[0m
[92m✓[0m 📦 c: 2×Ore
[92m✓[0m c rolled the dice

[1m[96m==================================================[0m
[1m[96m                    GAME STATE                    [0m
[1m[96m==================================================[0m

Turn: [1m17[0m
Current Player: [1m[92m► c[0m

[1m[93mPLAYERS[0m
[93m-------[0m

[97ma[0m
  Victory Points: [97m2[0m
  Resources: None
  Buildings: Settlements: [92m2[0m, Cities: [91m0[0m, Roads: [92m2[0m

[97mb[0m
  Victory Points: [97m2[0m
  Resources: None
  Buildings: Settlements: [92m2[0m, Cities: [91m0[0m, Roads: [92m5[0m
  Achievements: [96m🗡️ Knights: 1[0m

[1m[92m► c[0m
  Victory Points: [97m3[0m
  Resources: None
  Buildings: Settlements: [92m1[0m, Cities: [92m1[0m, Roads: [92m2[0m

[1m[93mBOARD[0m
[93m-----[0m
Board Tiles: 19 tiles configured

[92m✓[0m c proposed a trade

[1m[96m==================================================[0m
[1m[96m                    GAME STATE                    [0m
[1m[96m==================================================[0m

Turn: [1m17[0m
Current Player: [1m[92m► c[0m

[1m[93mPLAYERS[0m
[93m-------[0m

[97ma[0m
  Victory Points: [97m2[0m
  Resources: None
  Buildings: Settlements: [92m2[0m, Cities: [91m0[0m, Roads: [92m2[0m

[97mb[0m
  Victory Points: [97m2[0m
  Resources: None
  Buildings: Settlements: [92m2[0m, Cities: [91m0[0m, Roads: [92m5[0m
  Achievements: [96m🗡️ Knights: 1[0m

[1m[92m► c[0m
  Victory Points: [97m3[0m
  Resources: None
  Buildings: Settlements: [92m1[0m, Cities: [92m1[0m, Roads: [92m2[0m

[1m[93mBOARD[0m
[93m-----[0m
Board Tiles: 19 tiles configured

[92m✓[0m c proposed a trade

[1m[96m==================================================[0m
[1m[96m                    GAME STATE                    [0m
[1m[96m==================================================[0m

Turn: [1m17[0m
Current Player: [1m[92m► c[0m

[1m[93mPLAYERS[0m
[93m-------[0m

[97ma[0m
  Victory Points: [97m2[0m
  Resources: None
  Buildings: Settlements: [92m2[0m, Cities: [91m0[0m, Roads: [92m2[0m

[97mb[0m
  Victory Points: [97m2[0m
  Resources: None
  Buildings: Settlements: [92m2[0m, Cities: [91m0[0m, Roads: [92m5[0m
  Achievements: [96m🗡️ Knights: 1[0m

[1m[92m► c[0m
  Victory Points: [97m3[0m
  Resources: None
  Buildings: Settlements: [92m1[0m, Cities: [92m1[0m, Roads: [92m2[0m

[1m[93mBOARD[0m
[93m-----[0m
Board Tiles: 19 tiles configured

[92m✓[0m c bought a development card

[1m[96m==================================================[0m
[1m[96m                    GAME STATE                    [0m
[1m[96m==================================================[0m

Turn: [1m17[0m
Current Player: [1m[92m► c[0m

[1m[93mPLAYERS[0m
[93m-------[0m

[97ma[0m
  Victory Points: [97m2[0m
  Resources: None
  Buildings: Settlements: [92m2[0m, Cities: [91m0[0m, Roads: [92m2[0m

[97mb[0m
  Victory Points: [97m2[0m
  Resources: None
  Buildings: Settlements: [92m2[0m, Cities: [91m0[0m, Roads: [92m5[0m
  Achievements: [96m🗡️ Knights: 1[0m

[1m[92m► c[0m
  Victory Points: [97m3[0m
  Resources: None
  Dev Cards: 1
  Buildings: Settlements: [92m1[0m, Cities: [92m1[0m, Roads: [92m2[0m

[1m[93mBOARD[0m
[93m-----[0m
Board Tiles: 19 tiles configured

[92m✓[0m c used Monopoly

[1m[96m==================================================[0m
[1m[96m                    GAME STATE                    [0m
[1m[96m==================================================[0m

Turn: [1m17[0m
Current Player: [1m[92m► c[0m

[1m[93mPLAYERS[0m
[93m-------[0m

[97ma[0m
  Victory Points: [97m2[0m
  Resources: None
  Buildings: Settlements: [92m2[0m, Cities: [91m0[0m, Roads: [92m2[0m

[97mb[0m
  Victory Points: [97m2[0m
  Resources: None
  Buildings: Settlements: [92m2[0m, Cities: [91m0[0m, Roads: [92m5[0m
  Achievements: [96m🗡️ Knights: 1[0m

[1m[92m► c[0m
  Victory Points: [97m3[0m
  Resources: None
  Buildings: Settlements: [92m1[0m, Cities: [92m1[0m, Roads: [92m2[0m

[1m[93mBOARD[0m
[93m-----[0m
Board Tiles: 19 tiles configured

[92m✓[0m c proposed a trade

[1m[96m==================================================[0m
[1m[96m                    GAME STATE                    [0m
[1m[96m==================================================[0m

Turn: [1m17[0m
Current Player: [1m[92m► c[0m

[1m[93mPLAYERS[0m
[93m-------[0m

[97ma[0m
  Victory Points: [97m2[0m
  Resources: None
  Buildings: Settlements: [92m2[0m, Cities: [91m0[0m, Roads: [92m2[0m

[97mb[0m
  Victory Points: [97m2[0m
  Resources: None
  Buildings: Settlements: [92m2[0m, Cities: [91m0[0m, Roads: [92m5[0m
  Achievements: [96m🗡️ Knights: 1[0m

[1m[92m► c[0m
  Victory Points: [97m3[0m
  Resources: None
  Buildings: Settlements: [92m1[0m, Cities: [92m1[0m, Roads: [92m2[0m

[1m[93mBOARD[0m
[93m-----[0m
Board Tiles: 19 tiles configured

[92m✓[0m c bought a development card

[1m[96m==================================================[0m
[1m[96m                    GAME STATE                    [0m
[1m[96m==================================================[0m

Turn: [1m17[0m
Current Player: [1m[92m► c[0m

[1m[93mPLAYERS[0m
[93m-------[0m

[97ma[0m
  Victory Points: [97m2[0m
  Resources: None
  Buildings: Settlements: [92m2[0m, Cities: [91m0[0m, Roads: [92m2[0m

[97mb[0m
  Victory Points: [97m2[0m
  Resources: None
  Buildings: Settlements: [92m2[0m, Cities: [91m0[0m, Roads: [92m5[0m
  Achievements: [96m🗡️ Knights: 1[0m

[1m[92m► c[0m
  Victory Points: [97m3[0m
  Resources: None
  Dev Cards: 1
  Buildings: Settlements: [92m1[0m, Cities: [92m1[0m, Roads: [92m2[0m

[1m[93mBOARD[0m
[93m-----[0m
Board Tiles: 19 tiles configured

[92m✓[0m c proposed a trade

[1m[96m==================================================[0m
[1m[96m                    GAME STATE                    [0m
[1m[96m==================================================[0m

Turn: [1m17[0m
Current Player: [1m[92m► c[0m

[1m[93mPLAYERS[0m
[93m-------[0m

[97ma[0m
  Victory Points: [97m2[0m
  Resources: None
  Buildings: Settlements: [92m2[0m, Cities: [91m0[0m, Roads: [92m2[0m

[97mb[0m
  Victory Points: [97m2[0m
  Resources: None
  Buildings: Settlements: [92m2[0m, Cities: [91m0[0m, Roads: [92m5[0m
  Achievements: [96m🗡️ Knights: 1[0m

[1m[92m► c[0m
  Victory Points: [97m3[0m
  Resources: None
  Dev Cards: 1
  Buildings: Settlements: [92m1[0m, Cities: [92m1[0m, Roads: [92m2[0m

[1m[93mBOARD[0m
[93m-----[0m
Board Tiles: 19 tiles configured

[92m✓[0m c bought a development card

[1m[96m==================================================[0m
[1m[96m                    GAME STATE                    [0m
[1m[96m==================================================[0m

Turn: [1m17[0m
Current Player: [1m[92m► c[0m

[1m[93mPLAYERS[0m
[93m-------[0m

[97ma[0m
  Victory Points: [97m2[0m
  Resources: None
  Buildings: Settlements: [92m2[0m, Cities: [91m0[0m, Roads: [92m2[0m

[97mb[0m
  Victory Points: [97m2[0m
  Resources: None
  Buildings: Settlements: [92m2[0m, Cities: [91m0[0m, Roads: [92m5[0m
  Achievements: [96m🗡️ Knights: 1[0m

[1m[92m► c[0m
  Victory Points: [97m3[0m
  Resources: None
  Dev Cards: 2
  Buildings: Settlements: [92m1[0m, Cities: [92m1[0m, Roads: [92m2[0m

[1m[93mBOARD[0m
[93m-----[0m
Board Tiles: 19 tiles configured

[92m✓[0m ✨ c used Knight
[92m✓[0m 🦹 c stole Wood from a
[92m✓[0m c used Knight

[1m[96m==================================================[0m
[1m[96m                    GAME STATE                    [0m
[1m[96m==================================================[0m

Turn: [1m17[0m
Current Player: [1m[92m► c[0m

[1m[93mPLAYERS[0m
[93m-------[0m

[97ma[0m
  Victory Points: [97m2[0m
  Resources: None
  Buildings: Settlements: [92m2[0m, Cities: [91m0[0m, Roads: [92m2[0m

[97mb[0m
  Victory Points: [97m2[0m
  Resources: None
  Buildings: Settlements: [92m2[0m, Cities: [91m0[0m, Roads: [92m5[0m
  Achievements: [96m🗡️ Knights: 1[0m

[1m[92m► c[0m
  Victory Points: [97m3[0m
  Resources: None
  Dev Cards: 1
  Buildings: Settlements: [92m1[0m, Cities: [92m1[0m, Roads: [92m2[0m
  Achievements: [96m🗡️ Knights: 1[0m

[1m[93mBOARD[0m
[93m-----[0m
Board Tiles: 19 tiles configured

[92m✓[0m ✨ c used Knight
[92m✓[0m 🦹 c stole Sheep from a
[92m✓[0m c used Knight

[1m[96m==================================================[0m
[1m[96m                    GAME STATE                    [0m
[1m[96m==================================================[0m

Turn: [1m17[0m
Current Player: [1m[92m► c[0m

[1m[93mPLAYERS[0m
[93m-------[0m

[97ma[0m
  Victory Points: [97m2[0m
  Resources: None
  Buildings: Settlements: [92m2[0m, Cities: [91m0[0m, Roads: [92m2[0m

[97mb[0m
  Victory Points: [97m2[0m
  Resources: None
  Buildings: Settlements: [92m2[0m, Cities: [91m0[0m, Roads: [92m5[0m
  Achievements: [96m🗡️ Knights: 1[0m

[1m[92m► c[0m
  Victory Points: [97m3[0m
  Resources: None
  Buildings: Settlements: [92m1[0m, Cities: [92m1[0m, Roads: [92m2[0m
  Achievements: [96m🗡️ Knights: 2[0m

[1m[93mBOARD[0m
[93m-----[0m
Board Tiles: 19 tiles configured

[92m✓[0m c ended their turn

[1m[96m==================================================[0m
[1m[96m                    GAME STATE                    [0m
[1m[96m==================================================[0m

Turn: [1m17[0m
Current Player: [1m[92m► c[0m

[1m[93mPLAYERS[0m
[93m-------[0m

[97ma[0m
  Victory Points: [97m2[0m
  Resources: None
  Buildings: Settlements: [92m2[0m, Cities: [91m0[0m, Roads: [92m2[0m

[97mb[0m
  Victory Points: [97m2[0m
  Resources: None
  Buildings: Settlements: [92m2[0m, Cities: [91m0[0m, Roads: [92m5[0m
  Achievements: [96m🗡️ Knights: 1[0m

[1m[92m► c[0m
  Victory Points: [97m3[0m
  Resources: None
  Buildings: Settlements: [92m1[0m, Cities: [92m1[0m, Roads: [92m2[0m
  Achievements: [96m🗡️ Knights: 2[0m

[1m[93mBOARD[0m
[93m-----[0m
Board Tiles: 19 tiles configured


[1m[94m>>> Turn 18: a's turn[0m
[92m✓[0m 📦 b: 1×Wood 1×Ore
[92m✓[0m a rolled the dice

[1m[96m==================================================[0m
[1m[96m                    GAME STATE                    [0m
[1m[96m==================================================[0m

Turn: [1m18[0m
Current Player: [1m[92m► a[0m

[1m[93mPLAYERS[0m
[93m-------[0m

[1m[92m► a[0m
  Victory Points: [97m2[0m
  Resources: None
  Buildings: Settlements: [92m2[0m, Cities: [91m0[0m, Roads: [92m2[0m

[97mb[0m
  Victory Points: [97m2[0m
  Resources: None
  Buildings: Settlements: [92m2[0m, Cities: [91m0[0m, Roads: [92m5[0m
  Achievements: [96m🗡️ Knights: 1[0m

[97mc[0m
  Victory Points: [97m3[0m
  Resources: None
  Buildings: Settlements: [92m1[0m, Cities: [92m1[0m, Roads: [92m2[0m
  Achievements: [96m🗡️ Knights: 2[0m

[1m[93mBOARD[0m
[93m-----[0m
Board Tiles: 19 tiles configured

